Using pre-set license
Built from '2020.2/release' branch; Version is '2020.2.1f1 (270dd8c3da1c) revision 2559448'; Using compiler version '192528614'; Build Type 'Release'
OS: 'Windows 10  (10.0.0) 64bit' Language: 'en' Physical Memory: 16333 MB
BatchMode: 1, IsHumanControllingUs: 0, StartBugReporterOnCrash: 0, Is64bit: 1, IsPro: 0

 COMMAND LINE ARGUMENTS:
C:\Program Files\Unity\Hub\Editor\2020.2.1f1\Editor\Unity.exe
-adb2
-batchMode
-noUpm
-name
AssetImportWorker0
-projectPath
C:/Unity/ACS-RLU/CourierServer
-logFile
Logs/AssetImportWorker0.log
-srvPort
59801
Successfully changed project path to: C:/Unity/ACS-RLU/CourierServer
C:/Unity/ACS-RLU/CourierServer
Using Asset Import Pipeline V2.
Refreshing native plugins compatible for Editor in 33.51 ms, found 1 plugins.
Preloading 0 native plugins for Editor in 0.00 ms.
Initialize engine version: 2020.2.1f1 (270dd8c3da1c)
[Subsystems] Discovering subsystems at path C:/Program Files/Unity/Hub/Editor/2020.2.1f1/Editor/Data/Resources/UnitySubsystems
[Subsystems] Discovering subsystems at path C:/Unity/ACS-RLU/CourierServer/Assets
GfxDevice: creating device client; threaded=0
Direct3D:
    Version:  Direct3D 11.0 [level 11.1]
    Renderer: Radeon (TM) RX 480 Graphics (ID=0x67df)
    Vendor:   
    VRAM:     8171 MB
    Driver:   30.0.13023.4001
Initialize mono
Mono path[0] = 'C:/Program Files/Unity/Hub/Editor/2020.2.1f1/Editor/Data/Managed'
Mono path[1] = 'C:/Program Files/Unity/Hub/Editor/2020.2.1f1/Editor/Data/MonoBleedingEdge/lib/mono/unityjit'
Mono config path = 'C:/Program Files/Unity/Hub/Editor/2020.2.1f1/Editor/Data/MonoBleedingEdge/etc'
Using monoOptions --debugger-agent=transport=dt_socket,embedding=1,server=y,suspend=n,address=127.0.0.1:56248
Begin MonoManager ReloadAssembly
Registering precompiled unity dll's ...
Register platform support module: C:/Program Files/Unity/Hub/Editor/2020.2.1f1/Editor/Data/PlaybackEngines/WindowsStandaloneSupport/UnityEditor.WindowsStandalone.Extensions.dll
Registered in 0.001586 seconds.
Native extension for WindowsStandalone target not found
Refreshing native plugins compatible for Editor in 36.18 ms, found 1 plugins.
Preloading 0 native plugins for Editor in 0.00 ms.
Invoked RoslynAnalysisRunner static constructor.
RoslynAnalysisRunner will not be running.
RoslynAnalysisRunner has terminated.
Mono: successfully reloaded assembly
- Completed reload, in  1.933 seconds
Platform modules already initialized, skipping
Registering precompiled user dll's ...
Registered in 0.003733 seconds.
Begin MonoManager ReloadAssembly
Native extension for WindowsStandalone target not found
Refreshing native plugins compatible for Editor in 28.09 ms, found 1 plugins.
Preloading 0 native plugins for Editor in 0.00 ms.
Invoked RoslynAnalysisRunner static constructor.
RoslynAnalysisRunner will not be running.
RoslynAnalysisRunner has terminated.
Mono: successfully reloaded assembly
- Completed reload, in  1.331 seconds
Platform modules already initialized, skipping
========================================================================
Worker process is ready to serve import requests
Launched and connected shader compiler UnityShaderCompiler.exe after 0.02 seconds
Refreshing native plugins compatible for Editor in 0.33 ms, found 1 plugins.
Preloading 0 native plugins for Editor in 0.00 ms.
Unloading 1717 Unused Serialized files (Serialized files now loaded: 0)
System memory in use before: 96.2 MB.
System memory in use after: 96.3 MB.

Unloading 24 unused Assets to reduce memory usage. Loaded Objects now: 2161.
Total: 2.255500 ms (FindLiveObjects: 0.208300 ms CreateObjectMapping: 0.147700 ms MarkObjects: 1.817100 ms  DeleteObjects: 0.080700 ms)

========================================================================
Received Import Request.
  path: Assets/ML-Agents/Timers/Game_timers.json
  artifactKey: Guid(197626dc67730bd47906bf514d604956) Importer(815301076,1909f56bfc062723c751e8b465ee728b)
Start importing Assets/ML-Agents/Timers/Game_timers.json using Guid(197626dc67730bd47906bf514d604956) Importer(815301076,1909f56bfc062723c751e8b465ee728b)  -> (artifact id: 'd2dcf906473365af429f427350862710') in 0.036402 seconds
  Import took 0.038810 seconds .

========================================================================
Received Prepare
Refreshing native plugins compatible for Editor in 3.64 ms, found 1 plugins.
Preloading 0 native plugins for Editor in 0.00 ms.
Unloading 16 Unused Serialized files (Serialized files now loaded: 0)
System memory in use before: 62.2 MB.
System memory in use after: 62.3 MB.

Unloading 16 unused Assets to reduce memory usage. Loaded Objects now: 2161.
Total: 2.942400 ms (FindLiveObjects: 0.175000 ms CreateObjectMapping: 0.058500 ms MarkObjects: 2.652700 ms  DeleteObjects: 0.054300 ms)

========================================================================
Received Prepare
Registering precompiled user dll's ...
Registered in 0.002963 seconds.
Begin MonoManager ReloadAssembly
Native extension for WindowsStandalone target not found
Refreshing native plugins compatible for Editor in 0.34 ms, found 1 plugins.
Preloading 0 native plugins for Editor in 0.00 ms.
Invoked RoslynAnalysisRunner static constructor.
RoslynAnalysisRunner will not be running.
RoslynAnalysisRunner has terminated.
Mono: successfully reloaded assembly
- Completed reload, in  0.951 seconds
Platform modules already initialized, skipping
Refreshing native plugins compatible for Editor in 0.33 ms, found 1 plugins.
Preloading 0 native plugins for Editor in 0.00 ms.
Unloading 1700 Unused Serialized files (Serialized files now loaded: 0)
System memory in use before: 95.8 MB.
System memory in use after: 95.9 MB.

Unloading 18 unused Assets to reduce memory usage. Loaded Objects now: 2165.
Total: 2.056700 ms (FindLiveObjects: 0.206300 ms CreateObjectMapping: 0.061900 ms MarkObjects: 1.730300 ms  DeleteObjects: 0.056800 ms)

========================================================================
Received Import Request.
  Time since last request: 220.058168 seconds.
  path: Assets/Scripts/CameraMovement.cs
  artifactKey: Guid(698ea781218e9c9469c129a38b84ab65) Importer(815301076,1909f56bfc062723c751e8b465ee728b)
Start importing Assets/Scripts/CameraMovement.cs using Guid(698ea781218e9c9469c129a38b84ab65) Importer(815301076,1909f56bfc062723c751e8b465ee728b)  -> (artifact id: '99221a8c64974d9de9d3a09fb9724d51') in 0.012238 seconds
  Import took 0.015472 seconds .

========================================================================
Received Prepare
Registering precompiled user dll's ...
Registered in 0.003029 seconds.
Begin MonoManager ReloadAssembly
Native extension for WindowsStandalone target not found
Refreshing native plugins compatible for Editor in 0.33 ms, found 1 plugins.
Preloading 0 native plugins for Editor in 0.00 ms.
Invoked RoslynAnalysisRunner static constructor.
RoslynAnalysisRunner will not be running.
RoslynAnalysisRunner has terminated.
Mono: successfully reloaded assembly
- Completed reload, in  0.852 seconds
Platform modules already initialized, skipping
Refreshing native plugins compatible for Editor in 0.32 ms, found 1 plugins.
Preloading 0 native plugins for Editor in 0.00 ms.
Unloading 1700 Unused Serialized files (Serialized files now loaded: 0)
System memory in use before: 96.6 MB.
System memory in use after: 96.7 MB.

Unloading 18 unused Assets to reduce memory usage. Loaded Objects now: 2168.
Total: 2.238000 ms (FindLiveObjects: 0.276000 ms CreateObjectMapping: 0.155800 ms MarkObjects: 1.747200 ms  DeleteObjects: 0.057000 ms)

========================================================================
Received Prepare
Registering precompiled user dll's ...
Registered in 0.003087 seconds.
Begin MonoManager ReloadAssembly
Native extension for WindowsStandalone target not found
Refreshing native plugins compatible for Editor in 0.33 ms, found 1 plugins.
Preloading 0 native plugins for Editor in 0.00 ms.
Invoked RoslynAnalysisRunner static constructor.
RoslynAnalysisRunner will not be running.
RoslynAnalysisRunner has terminated.
Mono: successfully reloaded assembly
- Completed reload, in  0.866 seconds
Platform modules already initialized, skipping
Refreshing native plugins compatible for Editor in 0.34 ms, found 1 plugins.
Preloading 0 native plugins for Editor in 0.00 ms.
Unloading 1700 Unused Serialized files (Serialized files now loaded: 0)
System memory in use before: 96.8 MB.
System memory in use after: 96.9 MB.

Unloading 18 unused Assets to reduce memory usage. Loaded Objects now: 2171.
Total: 2.397200 ms (FindLiveObjects: 0.261100 ms CreateObjectMapping: 0.096600 ms MarkObjects: 1.980700 ms  DeleteObjects: 0.057600 ms)

========================================================================
Received Import Request.
  Time since last request: 98.694061 seconds.
  path: Assets/Scripts/CameraMovement.cs
  artifactKey: Guid(698ea781218e9c9469c129a38b84ab65) Importer(815301076,1909f56bfc062723c751e8b465ee728b)
Start importing Assets/Scripts/CameraMovement.cs using Guid(698ea781218e9c9469c129a38b84ab65) Importer(815301076,1909f56bfc062723c751e8b465ee728b)  -> (artifact id: 'd763041c488da35aba7b875ab267a23e') in 0.003966 seconds
  Import took 0.006282 seconds .

========================================================================
Received Import Request.
  Time since last request: 5.890729 seconds.
  path: Assets/Scripts/CameraMovement.cs
  artifactKey: Guid(698ea781218e9c9469c129a38b84ab65) Importer(815301076,1909f56bfc062723c751e8b465ee728b)
Start importing Assets/Scripts/CameraMovement.cs using Guid(698ea781218e9c9469c129a38b84ab65) Importer(815301076,1909f56bfc062723c751e8b465ee728b)  -> (artifact id: 'd763041c488da35aba7b875ab267a23e') in 0.002635 seconds
  Import took 0.004948 seconds .

========================================================================
Received Prepare
Registering precompiled user dll's ...
Registered in 0.004129 seconds.
Begin MonoManager ReloadAssembly
Native extension for WindowsStandalone target not found
Refreshing native plugins compatible for Editor in 0.34 ms, found 1 plugins.
Preloading 0 native plugins for Editor in 0.00 ms.
Invoked RoslynAnalysisRunner static constructor.
RoslynAnalysisRunner will not be running.
RoslynAnalysisRunner has terminated.
Mono: successfully reloaded assembly
- Completed reload, in  0.841 seconds
Platform modules already initialized, skipping
Refreshing native plugins compatible for Editor in 0.34 ms, found 1 plugins.
Preloading 0 native plugins for Editor in 0.00 ms.
Unloading 1700 Unused Serialized files (Serialized files now loaded: 0)
System memory in use before: 96.5 MB.
System memory in use after: 96.6 MB.

Unloading 18 unused Assets to reduce memory usage. Loaded Objects now: 2174.
Total: 2.639600 ms (FindLiveObjects: 0.228500 ms CreateObjectMapping: 0.119800 ms MarkObjects: 2.219000 ms  DeleteObjects: 0.070100 ms)

========================================================================
Received Import Request.
  Time since last request: 47.465182 seconds.
  path: Assets/Scripts/CameraMovement.cs
  artifactKey: Guid(698ea781218e9c9469c129a38b84ab65) Importer(815301076,1909f56bfc062723c751e8b465ee728b)
Start importing Assets/Scripts/CameraMovement.cs using Guid(698ea781218e9c9469c129a38b84ab65) Importer(815301076,1909f56bfc062723c751e8b465ee728b)  -> (artifact id: 'f7de1673b3dcef91518bddf85e341353') in 0.003790 seconds
  Import took 0.006145 seconds .

========================================================================
Received Prepare
Registering precompiled user dll's ...
Registered in 0.003017 seconds.
Begin MonoManager ReloadAssembly
Native extension for WindowsStandalone target not found
Refreshing native plugins compatible for Editor in 0.34 ms, found 1 plugins.
Preloading 0 native plugins for Editor in 0.00 ms.
Invoked RoslynAnalysisRunner static constructor.
RoslynAnalysisRunner will not be running.
RoslynAnalysisRunner has terminated.
Mono: successfully reloaded assembly
- Completed reload, in  0.854 seconds
Platform modules already initialized, skipping
Refreshing native plugins compatible for Editor in 0.34 ms, found 1 plugins.
Preloading 0 native plugins for Editor in 0.00 ms.
Unloading 1700 Unused Serialized files (Serialized files now loaded: 0)
System memory in use before: 96.9 MB.
System memory in use after: 96.9 MB.

Unloading 18 unused Assets to reduce memory usage. Loaded Objects now: 2177.
Total: 2.201100 ms (FindLiveObjects: 0.234000 ms CreateObjectMapping: 0.084000 ms MarkObjects: 1.827800 ms  DeleteObjects: 0.054400 ms)

========================================================================
Received Import Request.
  Time since last request: 104.951393 seconds.
  path: Assets/Scripts/CameraMovement.cs
  artifactKey: Guid(698ea781218e9c9469c129a38b84ab65) Importer(815301076,1909f56bfc062723c751e8b465ee728b)
Start importing Assets/Scripts/CameraMovement.cs using Guid(698ea781218e9c9469c129a38b84ab65) Importer(815301076,1909f56bfc062723c751e8b465ee728b)  -> (artifact id: '4802750de694e8e4197988aa007dd499') in 0.004145 seconds
  Import took 0.006503 seconds .

========================================================================
Received Prepare
Refreshing native plugins compatible for Editor in 3.56 ms, found 1 plugins.
Preloading 0 native plugins for Editor in 0.00 ms.
Unloading 16 Unused Serialized files (Serialized files now loaded: 0)
System memory in use before: 63.1 MB.
System memory in use after: 63.2 MB.

Unloading 16 unused Assets to reduce memory usage. Loaded Objects now: 2177.
Total: 1.845400 ms (FindLiveObjects: 0.179100 ms CreateObjectMapping: 0.062900 ms MarkObjects: 1.549400 ms  DeleteObjects: 0.052800 ms)

AssetImportWorkerClient::OnTransportError - code=2 error=End of file
